# JRE version: Java(TM) SE Runtime Environment (21.0.5+9) (build 21.0.5+9-LTS-239)
# Java VM: Java HotSpot(TM) 64-Bit Server VM (21.0.5+9-LTS-239, mixed mode, sharing, tiered, compressed oops, compressed class ptrs, g1 gc, windows-amd64)
GC Precious Log:
 CardTable entry size: 512
 Card Set container configuration: InlinePtr #cards 4 size 8 Array Of Cards #cards 16 size 48 Howl #buckets 8 coarsen threshold 3686 Howl Bitmap #cards 512 size 80 coarsen threshold 460 Card regions per heap region 1 cards per card region 4096
 CPUs: 8 total, 8 available
 Memory: 12172M
 Large Page Support: Disabled
 NUMA Support: Disabled
 Compressed Oops: Enabled (Zero based)
 Heap Region Size: 2M
 Heap Min Capacity: 8M
 Heap Initial Capacity: 192M
 Heap Max Capacity: 3044M
 Pre-touch: Disabled
 Parallel Workers: 8
 Concurrent Workers: 2
 Concurrent Refinement Workers: 8
 Periodic GC: Disabled
Heap:
 garbage-first heap   total 178176K, used 80264K [0x0000000741c00000, 0x0000000800000000)
  region size 2048K, 6 young (12288K), 2 survivors (4096K)
 Metaspace       used 35030K, committed 35712K, reserved 1114112K
  class space    used 3891K, committed 4160K, reserved 1048576K
GC Heap History (18 events):
Event: 0.613 GC heap before
{Heap before GC invocations=0 (full 0):
 garbage-first heap   total 196608K, used 22528K [0x0000000741c00000, 0x0000000800000000)
  region size 2048K, 11 young (22528K), 0 survivors (0K)
 Metaspace       used 5997K, committed 6144K, reserved 1114112K
  class space    used 682K, committed 768K, reserved 1048576K
}
Event: 0.618 GC heap after
{Heap after GC invocations=1 (full 0):
 garbage-first heap   total 196608K, used 3983K [0x0000000741c00000, 0x0000000800000000)
  region size 2048K, 2 young (4096K), 2 survivors (4096K)
 Metaspace       used 5997K, committed 6144K, reserved 1114112K
  class space    used 682K, committed 768K, reserved 1048576K
}
Event: 1.123 GC heap before
{Heap before GC invocations=1 (full 0):
 garbage-first heap   total 196608K, used 36751K [0x0000000741c00000, 0x0000000800000000)
  region size 2048K, 18 young (36864K), 2 survivors (4096K)
 Metaspace       used 9933K, committed 10112K, reserved 1114112K
  class space    used 1154K, committed 1216K, reserved 1048576K
}
Event: 1.129 GC heap after
{Heap after GC invocations=2 (full 0):
 garbage-first heap   total 196608K, used 5500K [0x0000000741c00000, 0x0000000800000000)
  region size 2048K, 1 young (2048K), 1 survivors (2048K)
 Metaspace       used 9933K, committed 10112K, reserved 1114112K
  class space    used 1154K, committed 1216K, reserved 1048576K
}
Event: 2.884 GC heap before
{Heap before GC invocations=2 (full 0):
 garbage-first heap   total 196608K, used 120188K [0x0000000741c00000, 0x0000000800000000)
  region size 2048K, 57 young (116736K), 1 survivors (2048K)
 Metaspace       used 17053K, committed 17344K, reserved 1114112K
  class space    used 1908K, committed 2048K, reserved 1048576K
}
Event: 2.896 GC heap after
{Heap after GC invocations=3 (full 0):
 garbage-first heap   total 196608K, used 15462K [0x0000000741c00000, 0x0000000800000000)
  region size 2048K, 6 young (12288K), 6 survivors (12288K)
 Metaspace       used 17053K, committed 17344K, reserved 1114112K
  class space    used 1908K, committed 2048K, reserved 1048576K
}
Event: 3.644 GC heap before
{Heap before GC invocations=3 (full 0):
 garbage-first heap   total 196608K, used 70758K [0x0000000741c00000, 0x0000000800000000)
  region size 2048K, 31 young (63488K), 6 survivors (12288K)
 Metaspace       used 21245K, committed 21504K, reserved 1114112K
  class space    used 2369K, committed 2496K, reserved 1048576K
}
Event: 3.656 GC heap after
{Heap after GC invocations=4 (full 0):
 garbage-first heap   total 196608K, used 30644K [0x0000000741c00000, 0x0000000800000000)
  region size 2048K, 4 young (8192K), 4 survivors (8192K)
 Metaspace       used 21245K, committed 21504K, reserved 1114112K
  class space    used 2369K, committed 2496K, reserved 1048576K
}
Event: 4.679 GC heap before
{Heap before GC invocations=5 (full 0):
 garbage-first heap   total 116736K, used 114612K [0x0000000741c00000, 0x0000000800000000)
  region size 2048K, 45 young (92160K), 4 survivors (8192K)
 Metaspace       used 28251K, committed 28672K, reserved 1114112K
  class space    used 3151K, committed 3328K, reserved 1048576K
}
Event: 4.701 GC heap after
{Heap after GC invocations=6 (full 0):
 garbage-first heap   total 145408K, used 46244K [0x0000000741c00000, 0x0000000800000000)
  region size 2048K, 8 young (16384K), 8 survivors (16384K)
 Metaspace       used 28251K, committed 28672K, reserved 1114112K
  class space    used 3151K, committed 3328K, reserved 1048576K
}
Event: 5.613 GC heap before
{Heap before GC invocations=6 (full 0):
 garbage-first heap   total 145408K, used 111780K [0x0000000741c00000, 0x0000000800000000)
  region size 2048K, 40 young (81920K), 8 survivors (16384K)
 Metaspace       used 31806K, committed 32320K, reserved 1114112K
  class space    used 3583K, committed 3840K, reserved 1048576K
}
Event: 5.631 GC heap after
{Heap after GC invocations=7 (full 0):
 garbage-first heap   total 145408K, used 49573K [0x0000000741c00000, 0x0000000800000000)
  region size 2048K, 2 young (4096K), 2 survivors (4096K)
 Metaspace       used 31806K, committed 32320K, reserved 1114112K
  class space    used 3583K, committed 3840K, reserved 1048576K
}
Event: 6.296 GC heap before
{Heap before GC invocations=7 (full 0):
 garbage-first heap   total 145408K, used 121253K [0x0000000741c00000, 0x0000000800000000)
  region size 2048K, 35 young (71680K), 2 survivors (4096K)
 Metaspace       used 32119K, committed 32640K, reserved 1114112K
  class space    used 3605K, committed 3840K, reserved 1048576K
}
Event: 6.312 GC heap after
{Heap after GC invocations=8 (full 0):
 garbage-first heap   total 147456K, used 74576K [0x0000000741c00000, 0x0000000800000000)
  region size 2048K, 5 young (10240K), 5 survivors (10240K)
 Metaspace       used 32119K, committed 32640K, reserved 1114112K
  class space    used 3605K, committed 3840K, reserved 1048576K
}
Event: 6.960 GC heap before
{Heap before GC invocations=8 (full 0):
 garbage-first heap   total 147456K, used 117584K [0x0000000741c00000, 0x0000000800000000)
  region size 2048K, 26 young (53248K), 5 survivors (10240K)
 Metaspace       used 33587K, committed 34176K, reserved 1114112K
  class space    used 3770K, committed 4032K, reserved 1048576K
}
Event: 6.967 GC heap after
{Heap after GC invocations=9 (full 0):
 garbage-first heap   total 178176K, used 73826K [0x0000000741c00000, 0x0000000800000000)
  region size 2048K, 2 young (4096K), 2 survivors (4096K)
 Metaspace       used 33587K, committed 34176K, reserved 1114112K
  class space    used 3770K, committed 4032K, reserved 1048576K
}
Event: 7.266 GC heap before
{Heap before GC invocations=9 (full 0):
 garbage-first heap   total 178176K, used 94306K [0x0000000741c00000, 0x0000000800000000)
  region size 2048K, 13 young (26624K), 2 survivors (4096K)
 Metaspace       used 35574K, committed 36096K, reserved 1114112K
  class space    used 3959K, committed 4224K, reserved 1048576K
}
Event: 7.268 GC heap after
{Heap after GC invocations=10 (full 0):
 garbage-first heap   total 178176K, used 74120K [0x0000000741c00000, 0x0000000800000000)
  region size 2048K, 2 young (4096K), 2 survivors (4096K)
 Metaspace       used 35574K, committed 36096K, reserved 1114112K
  class space    used 3959K, committed 4224K, reserved 1048576K
}

